2018-01-03 15:31:21,876 [Worker-1] INFO  c.g.t.t.d.PublishedGradleVersions - Gradle version information cache is out-of-date. Trying to update.
2018-01-03 15:34:48,424 [Worker-2] INFO  o.e.m.c.i.l.LifecycleMappingFactory - Using org.eclipse.m2e.jdt.JarLifecycleMapping lifecycle mapping for MavenProject: com.hipages.test:HiPagesProj:0.0.1-SNAPSHOT @ /Users/anuradha.channappa/Desktop/HiPagesProj 2/pom.xml.
2018-01-03 15:34:57,133 [Worker-2] INFO  o.e.m.j.i.AbstractJavaProjectConfigurator - Adding source folder /HiPagesProj/src/main/java
2018-01-03 15:34:57,133 [Worker-2] INFO  o.e.m.j.i.AbstractJavaProjectConfigurator - Adding resource folder /HiPagesProj/src/main/resources
2018-01-03 15:34:57,135 [Worker-2] INFO  o.e.m.j.i.AbstractJavaProjectConfigurator - Adding source folder /HiPagesProj/src/test/java
2018-01-03 15:34:57,135 [Worker-2] INFO  o.e.m.j.i.AbstractJavaProjectConfigurator - Adding resource folder /HiPagesProj/src/test/resources
2018-01-03 15:34:57,271 [Worker-2] INFO  o.e.m.c.i.p.ProjectConfigurationManager - Imported and configured 1 project(s) in 12 sec
2018-01-03 15:34:59,095 [Worker-9] INFO  o.e.m.c.i.embedder.EclipseLogger - Using 'UTF-8' encoding to copy filtered resources.
2018-01-03 15:34:59,099 [Worker-9] INFO  o.e.m.c.i.embedder.EclipseLogger - Copying 0 resource
2018-01-03 15:34:59,101 [Worker-9] INFO  o.e.m.c.i.embedder.EclipseLogger - Using 'UTF-8' encoding to copy filtered resources.
2018-01-03 15:34:59,102 [Worker-9] INFO  o.e.m.c.i.embedder.EclipseLogger - Copying 3 resources
2018-01-03 15:41:09,639 [Worker-16] INFO  o.e.m.c.i.embedder.EclipseLogger - Using 'UTF-8' encoding to copy filtered resources.
2018-01-03 15:41:09,642 [Worker-16] INFO  o.e.m.c.i.embedder.EclipseLogger - Copying 0 resource
2018-01-03 15:41:09,643 [Worker-16] INFO  o.e.m.c.i.embedder.EclipseLogger - Using 'UTF-8' encoding to copy filtered resources.
2018-01-03 15:41:09,644 [Worker-16] INFO  o.e.m.c.i.embedder.EclipseLogger - Copying 1 resource
2018-01-03 15:41:49,209 [Worker-16] INFO  o.e.m.c.i.embedder.EclipseLogger - Using 'UTF-8' encoding to copy filtered resources.
2018-01-03 15:41:49,209 [Worker-16] INFO  o.e.m.c.i.embedder.EclipseLogger - Copying 0 resource
2018-01-03 15:41:49,211 [Worker-16] INFO  o.e.m.c.i.embedder.EclipseLogger - Using 'UTF-8' encoding to copy filtered resources.
2018-01-03 15:41:49,214 [Worker-16] INFO  o.e.m.c.i.embedder.EclipseLogger - Copying 3 resources
2018-01-03 15:42:23,207 [Worker-16] INFO  o.e.m.c.i.embedder.EclipseLogger - Using 'UTF-8' encoding to copy filtered resources.
2018-01-03 15:42:23,208 [Worker-16] INFO  o.e.m.c.i.embedder.EclipseLogger - Copying 0 resource
2018-01-03 15:42:23,209 [Worker-16] INFO  o.e.m.c.i.embedder.EclipseLogger - Using 'UTF-8' encoding to copy filtered resources.
2018-01-03 15:42:23,210 [Worker-16] INFO  o.e.m.c.i.embedder.EclipseLogger - Copying 3 resources
2018-01-03 15:44:04,277 [Worker-21] INFO  o.e.m.c.i.embedder.EclipseLogger - Using 'UTF-8' encoding to copy filtered resources.
2018-01-03 15:44:04,277 [Worker-21] INFO  o.e.m.c.i.embedder.EclipseLogger - Copying 0 resource
2018-01-03 15:44:04,278 [Worker-21] INFO  o.e.m.c.i.embedder.EclipseLogger - Using 'UTF-8' encoding to copy filtered resources.
2018-01-03 15:44:04,279 [Worker-21] INFO  o.e.m.c.i.embedder.EclipseLogger - Copying 3 resources
2018-01-04 13:16:17,734 [Worker-74] INFO  o.e.m.i.launch.MavenLaunchDelegate - /Users/anuradha.channappa/Desktop/HiPagesProj 2
2018-01-04 13:16:17,737 [Worker-74] INFO  o.e.m.i.launch.MavenLaunchDelegate -  mvn -B clean install -Dcucumber.options="--tags @TwitterSmoke"
2018-01-04 13:17:34,661 [Worker-76] INFO  o.e.m.i.launch.MavenLaunchDelegate - /Users/anuradha.channappa/Desktop/HiPagesProj 2
2018-01-04 13:17:34,661 [Worker-76] INFO  o.e.m.i.launch.MavenLaunchDelegate -  mvn -B clean install -Dcucumber.options="--tags @TwitterSmoke"  -DBrwoser=Chrome
2018-01-04 13:18:11,221 [Worker-72] INFO  o.e.m.i.launch.MavenLaunchDelegate - /Users/anuradha.channappa/Desktop/HiPagesProj 2
2018-01-04 13:18:11,221 [Worker-72] INFO  o.e.m.i.launch.MavenLaunchDelegate -  mvn -B clean install -Dcucumber.options="--tags @TwitterSmoke"  -DBrowser=Chrome
2018-01-05 16:18:55,308 [Worker-6] INFO  c.g.t.t.d.PublishedGradleVersions - Gradle version information cache is out-of-date. Trying to update.
2018-01-05 16:21:29,321 [Worker-6] INFO  o.e.m.i.launch.MavenLaunchDelegate - /Users/anuradha.channappa/Desktop/HiPagesProj 2
2018-01-05 16:21:29,322 [Worker-6] INFO  o.e.m.i.launch.MavenLaunchDelegate -  mvn -B clean install -Dcucumber.options="--tags @TwitterSmoke"  -DBrowser=Chrome
2018-01-05 16:21:59,414 [Worker-10] INFO  o.e.m.c.i.embedder.EclipseLogger - Using 'UTF-8' encoding to copy filtered resources.
2018-01-05 16:21:59,423 [Worker-10] INFO  o.e.m.c.i.embedder.EclipseLogger - Copying 0 resource
2018-01-05 16:21:59,426 [Worker-10] INFO  o.e.m.c.i.embedder.EclipseLogger - Using 'UTF-8' encoding to copy filtered resources.
2018-01-05 16:21:59,426 [Worker-10] INFO  o.e.m.c.i.embedder.EclipseLogger - Copying 3 resources
2018-01-05 16:22:01,694 [Worker-11] INFO  o.e.m.c.i.embedder.EclipseLogger - Using 'UTF-8' encoding to copy filtered resources.
2018-01-05 16:22:01,698 [Worker-11] INFO  o.e.m.c.i.embedder.EclipseLogger - Copying 0 resource
2018-01-05 16:22:01,700 [Worker-11] INFO  o.e.m.c.i.embedder.EclipseLogger - Using 'UTF-8' encoding to copy filtered resources.
2018-01-05 16:22:01,700 [Worker-11] INFO  o.e.m.c.i.embedder.EclipseLogger - Copying 0 resource
2018-01-05 16:22:02,791 [Worker-5] INFO  o.e.m.c.i.embedder.EclipseLogger - Using 'UTF-8' encoding to copy filtered resources.
2018-01-05 16:22:02,791 [Worker-5] INFO  o.e.m.c.i.embedder.EclipseLogger - Copying 0 resource
2018-01-05 16:22:02,792 [Worker-5] INFO  o.e.m.c.i.embedder.EclipseLogger - Using 'UTF-8' encoding to copy filtered resources.
2018-01-05 16:22:02,792 [Worker-5] INFO  o.e.m.c.i.embedder.EclipseLogger - Copying 0 resource
2018-01-05 16:22:30,411 [Worker-0] INFO  o.e.m.c.i.embedder.EclipseLogger - Using 'UTF-8' encoding to copy filtered resources.
2018-01-05 16:22:30,411 [Worker-0] INFO  o.e.m.c.i.embedder.EclipseLogger - Copying 0 resource
2018-01-05 16:22:30,412 [Worker-0] INFO  o.e.m.c.i.embedder.EclipseLogger - Using 'UTF-8' encoding to copy filtered resources.
2018-01-05 16:22:30,419 [Worker-0] INFO  o.e.m.c.i.embedder.EclipseLogger - Copying 3 resources
2018-01-05 16:24:38,331 [Worker-3] INFO  o.e.m.i.launch.MavenLaunchDelegate - /Users/anuradha.channappa/Desktop/HiPagesProj 2
2018-01-05 16:24:38,332 [Worker-3] INFO  o.e.m.i.launch.MavenLaunchDelegate -  mvn -B clean install -Dcucumber.options="--tags @GoogleHomePageFeature"  -DBrowser=Chrome
